Arguments: 
  C:\Program Files\nodejs\node.exe C:\Users\darks\AppData\Roaming\npm\node_modules\yarn\bin\yarn.js add MongoClient

PATH: 
  C:\Program Files\PowerShell\7;C:\Program Files (x86)\Common Files\Oracle\Java\javapath;C:\Windows\system32;C:\Windows;C:\Windows\System32\Wbem;C:\Windows\System32\WindowsPowerShell\v1.0\;C:\Windows\System32\OpenSSH\;C:\Program Files (x86)\NVIDIA Corporation\PhysX\Common;C:\Program Files\NVIDIA Corporation\NVIDIA NvDLISR;C:\Program Files\nodejs\;C:\Program Files\Git\cmd;C:\Program Files\dotnet\;C:\WINDOWS\system32;C:\WINDOWS;C:\WINDOWS\System32\Wbem;C:\WINDOWS\System32\WindowsPowerShell\v1.0\;C:\WINDOWS\System32\OpenSSH\;C:\Program Files\PowerShell\7\;C:\Program Files\Java\jdk1.8.0_202;C:\hadoop-3.3.3\bin;C:\hadoop-3.3.3\sbin;C:\Program Files\Amazon\AWSCLIV2\;C:\Users\darks\AppData\Local\Programs\Python\Python310\Scripts\;C:\Users\darks\AppData\Local\Programs\Python\Python310\;C:\Users\darks\AppData\Local\Microsoft\WindowsApps;C:\Users\darks\AppData\Roaming\npm;D:\PyCharm Community Edition 2021.2.2\bin;;C:\Users\darks\AppData\Local\GitHubDesktop\bin;D:\Coding\Visual Studio Code\Microsoft VS Code\bin;C:\Users\darks\.dotnet\tools;C:\Program Files\Java\jdk1.8.0_202;

Yarn version: 
  1.22.17

Node version: 
  14.18.1

Platform: 
  win32 x64

Trace: 
  Error: https://registry.yarnpkg.com/MongoClient: Not found
      at Request.params.callback [as _callback] (C:\Users\darks\AppData\Roaming\npm\node_modules\yarn\lib\cli.js:67029:18)
      at Request.self.callback (C:\Users\darks\AppData\Roaming\npm\node_modules\yarn\lib\cli.js:140883:22)
      at Request.emit (events.js:400:28)
      at Request.<anonymous> (C:\Users\darks\AppData\Roaming\npm\node_modules\yarn\lib\cli.js:141855:10)
      at Request.emit (events.js:400:28)
      at IncomingMessage.<anonymous> (C:\Users\darks\AppData\Roaming\npm\node_modules\yarn\lib\cli.js:141777:12)
      at Object.onceWrapper (events.js:519:28)
      at IncomingMessage.emit (events.js:412:35)
      at endReadableNT (internal/streams/readable.js:1334:12)
      at processTicksAndRejections (internal/process/task_queues.js:82:21)

npm manifest: 
  No manifest

yarn manifest: 
  No manifest

Lockfile: 
  # THIS IS AN AUTOGENERATED FILE. DO NOT EDIT THIS FILE DIRECTLY.
  # yarn lockfile v1
